=== TLC sentinel_lattice_safety ===
TLC2 Version 2.19 of 08 August 2024 (rev: 5a47802)
Running breadth-first search Model-Checking with fp 61 and seed -4411155597964373145 with 1 worker on 24 cores with 3641MB heap and 64MB offheap memory [pid: 56287] (Linux 7.0.0-14-generic amd64, Ubuntu 25.0.3-ea x86_64, MSBDiskFPSet, DiskStateQueue).
Parsing file /home/king/verse_os/src/specs/Sentinel_Lattice.tla
Parsing file /tmp/Naturals.tla
Parsing file /tmp/Sequences.tla
Semantic processing of module Naturals
Semantic processing of module Sequences
Semantic processing of module Sentinel_Lattice
Starting... (2026-05-02 19:09:00)
Computing initial states...
Finished computing initial states: 1 distinct state generated at 2026-05-02 19:09:00.
Model checking completed. No error has been found.
  Estimates of the probability that TLC did not check all reachable states
  because two distinct states had the same fingerprint:
  calculated (optimistic):  val = 2.0E-11
38629 states generated, 21179 distinct states found, 0 states left on queue.
The depth of the complete state graph search is 9.
The average outdegree of the complete state graph is 1 (minimum is 0, the maximum 10 and the 95th percentile is 1).
Finished in 00s at (2026-05-02 19:09:00)
